[ 2019-11-01T13:01:32+08:00 ] ::1 /shop/index.php/Admin/Goods/showlist
INFO: [ app_init ] --START--
INFO: Run Behavior\BuildLiteBehavior [ RunTime:0.000067s ]
INFO: [ app_init ] --END-- [ RunTime:0.001515s ]
INFO: [ app_begin ] --START--
INFO: Run Behavior\ReadHtmlCacheBehavior [ RunTime:0.009276s ]
INFO: [ app_begin ] --END-- [ RunTime:0.009490s ]
INFO: [ view_parse ] --START--
INFO: [ template_filter ] --START--
INFO: Run Behavior\ContentReplaceBehavior [ RunTime:0.000161s ]
INFO: [ template_filter ] --END-- [ RunTime:0.000405s ]
INFO: Run Behavior\ParseTemplateBehavior [ RunTime:0.077751s ]
INFO: [ view_parse ] --END-- [ RunTime:0.078023s ]
INFO: [ view_filter ] --START--
INFO: Run Behavior\WriteHtmlCacheBehavior [ RunTime:0.007844s ]
INFO: [ view_filter ] --END-- [ RunTime:0.008049s ]
INFO: [ app_end ] --START--
INFO: Run Behavior\ShowPageTraceBehavior [ RunTime:0.009579s ]
INFO: [ app_end ] --END-- [ RunTime:0.009763s ]

[ 2019-11-01T13:01:32+08:00 ] ::1 /shop/index.php/Admin/Goods/img/20121018-174034-58977.jpg
INFO: [ app_init ] --START--
INFO: Run Behavior\BuildLiteBehavior [ RunTime:0.000052s ]
INFO: [ app_init ] --END-- [ RunTime:0.000907s ]

[ 2019-11-01T13:01:32+08:00 ] ::1 /shop/index.php/Admin/Goods/img/20121018-174346-54660.jpg
INFO: [ app_init ] --START--
INFO: Run Behavior\BuildLiteBehavior [ RunTime:0.000047s ]
INFO: [ app_init ] --END-- [ RunTime:0.000820s ]

[ 2019-11-01T13:01:32+08:00 ] ::1 /shop/index.php/Admin/Goods/img/20121018-174346-31424.jpg
INFO: [ app_init ] --START--
INFO: Run Behavior\BuildLiteBehavior [ RunTime:0.000115s ]
INFO: [ app_init ] --END-- [ RunTime:0.001296s ]

[ 2019-11-01T13:01:32+08:00 ] ::1 /shop/index.php/Admin/Goods/img/20121018-174248-87501.jpg
INFO: [ app_init ] --START--
INFO: Run Behavior\BuildLiteBehavior [ RunTime:0.004501s ]
INFO: [ app_init ] --END-- [ RunTime:0.005563s ]

[ 2019-11-01T13:01:32+08:00 ] ::1 /shop/index.php/Admin/Goods/img/20121018-174248-28718.jpg
INFO: [ app_init ] --START--
INFO: Run Behavior\BuildLiteBehavior [ RunTime:0.000043s ]
INFO: [ app_init ] --END-- [ RunTime:0.001029s ]

[ 2019-11-01T13:01:32+08:00 ] ::1 /shop/index.php/Admin/Goods/img/20121018-174034-97960.jpg
INFO: [ app_init ] --START--
INFO: Run Behavior\BuildLiteBehavior [ RunTime:0.000061s ]
INFO: [ app_init ] --END-- [ RunTime:0.000917s ]

[ 2019-11-01T13:01:32+08:00 ] ::1 /shop/index.php/Admin/Goods/img/20121018-174455-91962.jpg
INFO: [ app_init ] --START--
INFO: Run Behavior\BuildLiteBehavior [ RunTime:0.000047s ]
INFO: [ app_init ] --END-- [ RunTime:0.000897s ]

[ 2019-11-01T13:01:32+08:00 ] ::1 /shop/index.php/Admin/Goods/img/20121018-174455-10118.jpg
INFO: [ app_init ] --START--
INFO: Run Behavior\BuildLiteBehavior [ RunTime:0.000068s ]
INFO: [ app_init ] --END-- [ RunTime:0.003462s ]

[ 2019-11-01T13:02:01+08:00 ] ::1 /shop/index.php/Admin/Goods/tianjia
INFO: [ app_init ] --START--
INFO: Run Behavior\BuildLiteBehavior [ RunTime:0.000053s ]
INFO: [ app_init ] --END-- [ RunTime:0.001404s ]
INFO: [ app_begin ] --START--
INFO: Run Behavior\ReadHtmlCacheBehavior [ RunTime:0.001667s ]
INFO: [ app_begin ] --END-- [ RunTime:0.001837s ]
INFO: [ view_parse ] --START--
INFO: [ template_filter ] --START--
INFO: Run Behavior\ContentReplaceBehavior [ RunTime:0.000094s ]
INFO: [ template_filter ] --END-- [ RunTime:0.000252s ]
NOTIC: [8] Undefined variable: _v D:\wamp\www\shop\Runtime\Cache\Admin\88db19353d7203a24333d8995cdd54dc.php 第 34 行.
NOTIC: [8] Undefined variable: _v D:\wamp\www\shop\Runtime\Cache\Admin\88db19353d7203a24333d8995cdd54dc.php 第 34 行.
NOTIC: [8] Undefined variable: _v D:\wamp\www\shop\Runtime\Cache\Admin\88db19353d7203a24333d8995cdd54dc.php 第 45 行.
NOTIC: [8] Undefined variable: _v D:\wamp\www\shop\Runtime\Cache\Admin\88db19353d7203a24333d8995cdd54dc.php 第 45 行.
INFO: Run Behavior\ParseTemplateBehavior [ RunTime:0.034114s ]
INFO: [ view_parse ] --END-- [ RunTime:0.034315s ]
INFO: [ view_filter ] --START--
INFO: Run Behavior\WriteHtmlCacheBehavior [ RunTime:0.001549s ]
INFO: [ view_filter ] --END-- [ RunTime:0.001690s ]
INFO: [ app_end ] --START--
INFO: Run Behavior\ShowPageTraceBehavior [ RunTime:0.001568s ]
INFO: [ app_end ] --END-- [ RunTime:0.001705s ]

[ 2019-11-01T13:04:08+08:00 ] ::1 /shop/index.php/Admin/Goods/showlist?s_product_mark=1
INFO: [ app_init ] --START--
INFO: Run Behavior\BuildLiteBehavior [ RunTime:0.000030s ]
INFO: [ app_init ] --END-- [ RunTime:0.000558s ]
INFO: [ app_begin ] --START--
INFO: Run Behavior\ReadHtmlCacheBehavior [ RunTime:0.001333s ]
INFO: [ app_begin ] --END-- [ RunTime:0.001538s ]
INFO: [ view_parse ] --START--
INFO: [ template_filter ] --START--
INFO: Run Behavior\ContentReplaceBehavior [ RunTime:0.000101s ]
INFO: [ template_filter ] --END-- [ RunTime:0.000280s ]
INFO: Run Behavior\ParseTemplateBehavior [ RunTime:0.011333s ]
INFO: [ view_parse ] --END-- [ RunTime:0.011503s ]
INFO: [ view_filter ] --START--
INFO: Run Behavior\WriteHtmlCacheBehavior [ RunTime:0.000750s ]
INFO: [ view_filter ] --END-- [ RunTime:0.000881s ]
INFO: [ app_end ] --START--
INFO: Run Behavior\ShowPageTraceBehavior [ RunTime:0.000959s ]
INFO: [ app_end ] --END-- [ RunTime:0.001096s ]

[ 2019-11-01T13:04:08+08:00 ] ::1 /shop/index.php/Admin/Goods/img/20121018-174034-58977.jpg
INFO: [ app_init ] --START--
INFO: Run Behavior\BuildLiteBehavior [ RunTime:0.000053s ]
INFO: [ app_init ] --END-- [ RunTime:0.000967s ]

[ 2019-11-01T13:04:08+08:00 ] ::1 /shop/index.php/Admin/Goods/img/20121018-174034-97960.jpg
INFO: [ app_init ] --START--
INFO: Run Behavior\BuildLiteBehavior [ RunTime:0.000196s ]
INFO: [ app_init ] --END-- [ RunTime:0.001073s ]

[ 2019-11-01T13:04:08+08:00 ] ::1 /shop/index.php/Admin/Goods/img/20121018-174346-54660.jpg
INFO: [ app_init ] --START--
INFO: Run Behavior\BuildLiteBehavior [ RunTime:0.000055s ]
INFO: [ app_init ] --END-- [ RunTime:0.000991s ]

[ 2019-11-01T13:04:08+08:00 ] ::1 /shop/index.php/Admin/Goods/img/20121018-174248-28718.jpg
INFO: [ app_init ] --START--
INFO: Run Behavior\BuildLiteBehavior [ RunTime:0.000052s ]
INFO: [ app_init ] --END-- [ RunTime:0.000934s ]

[ 2019-11-01T13:04:08+08:00 ] ::1 /shop/index.php/Admin/Goods/img/20121018-174455-10118.jpg
INFO: [ app_init ] --START--
INFO: Run Behavior\BuildLiteBehavior [ RunTime:0.000050s ]
INFO: [ app_init ] --END-- [ RunTime:0.000932s ]

[ 2019-11-01T13:04:08+08:00 ] ::1 /shop/index.php/Admin/Goods/img/20121018-174346-31424.jpg
INFO: [ app_init ] --START--
INFO: Run Behavior\BuildLiteBehavior [ RunTime:0.000056s ]
INFO: [ app_init ] --END-- [ RunTime:0.001344s ]

[ 2019-11-01T13:04:08+08:00 ] ::1 /shop/index.php/Admin/Goods/img/20121018-174455-91962.jpg
INFO: [ app_init ] --START--
INFO: Run Behavior\BuildLiteBehavior [ RunTime:0.000053s ]
INFO: [ app_init ] --END-- [ RunTime:0.001162s ]

[ 2019-11-01T13:04:08+08:00 ] ::1 /shop/index.php/Admin/Goods/img/20121018-174248-87501.jpg
INFO: [ app_init ] --START--
INFO: Run Behavior\BuildLiteBehavior [ RunTime:0.000051s ]
INFO: [ app_init ] --END-- [ RunTime:0.001019s ]

[ 2019-11-01T13:04:37+08:00 ] ::1 /shop/index.php/Admin/Goods/showlist?s_product_mark=1
INFO: [ app_init ] --START--
INFO: Run Behavior\BuildLiteBehavior [ RunTime:0.000070s ]
INFO: [ app_init ] --END-- [ RunTime:0.001802s ]
INFO: [ app_begin ] --START--
INFO: Run Behavior\ReadHtmlCacheBehavior [ RunTime:0.001028s ]
INFO: [ app_begin ] --END-- [ RunTime:0.001180s ]
INFO: [ view_parse ] --START--
INFO: [ template_filter ] --START--
INFO: Run Behavior\ContentReplaceBehavior [ RunTime:0.000144s ]
INFO: [ template_filter ] --END-- [ RunTime:0.000453s ]
INFO: Run Behavior\ParseTemplateBehavior [ RunTime:0.025949s ]
INFO: [ view_parse ] --END-- [ RunTime:0.026384s ]
INFO: [ view_filter ] --START--
INFO: Run Behavior\WriteHtmlCacheBehavior [ RunTime:0.001290s ]
INFO: [ view_filter ] --END-- [ RunTime:0.001475s ]
INFO: [ app_end ] --START--
INFO: Run Behavior\ShowPageTraceBehavior [ RunTime:0.001027s ]
INFO: [ app_end ] --END-- [ RunTime:0.001174s ]

[ 2019-11-01T13:04:37+08:00 ] ::1 /shop/index.php/Admin/Goods/img/20121018-174034-58977.jpg
INFO: [ app_init ] --START--
INFO: Run Behavior\BuildLiteBehavior [ RunTime:0.000067s ]
INFO: [ app_init ] --END-- [ RunTime:0.001081s ]

[ 2019-11-01T13:04:37+08:00 ] ::1 /shop/index.php/Admin/Goods/img/20121018-174034-97960.jpg
INFO: [ app_init ] --START--
INFO: Run Behavior\BuildLiteBehavior [ RunTime:0.000052s ]
INFO: [ app_init ] --END-- [ RunTime:0.000879s ]

[ 2019-11-01T13:04:37+08:00 ] ::1 /shop/index.php/Admin/Goods/img/20121018-174346-54660.jpg
INFO: [ app_init ] --START--
INFO: Run Behavior\BuildLiteBehavior [ RunTime:0.000106s ]
INFO: [ app_init ] --END-- [ RunTime:0.001545s ]

[ 2019-11-01T13:04:37+08:00 ] ::1 /shop/index.php/Admin/Goods/img/20121018-174248-87501.jpg
INFO: [ app_init ] --START--
INFO: Run Behavior\BuildLiteBehavior [ RunTime:0.000071s ]
INFO: [ app_init ] --END-- [ RunTime:0.001090s ]

[ 2019-11-01T13:04:37+08:00 ] ::1 /shop/index.php/Admin/Goods/img/20121018-174346-31424.jpg
INFO: [ app_init ] --START--
INFO: Run Behavior\BuildLiteBehavior [ RunTime:0.000085s ]
INFO: [ app_init ] --END-- [ RunTime:0.001332s ]

[ 2019-11-01T13:04:37+08:00 ] ::1 /shop/index.php/Admin/Goods/img/20121018-174455-91962.jpg
INFO: [ app_init ] --START--
INFO: Run Behavior\BuildLiteBehavior [ RunTime:0.000055s ]
INFO: [ app_init ] --END-- [ RunTime:0.000980s ]

[ 2019-11-01T13:04:37+08:00 ] ::1 /shop/index.php/Admin/Goods/img/20121018-174248-28718.jpg
INFO: [ app_init ] --START--
INFO: Run Behavior\BuildLiteBehavior [ RunTime:0.000059s ]
INFO: [ app_init ] --END-- [ RunTime:0.001195s ]

[ 2019-11-01T13:04:37+08:00 ] ::1 /shop/index.php/Admin/Goods/img/20121018-174455-10118.jpg
INFO: [ app_init ] --START--
INFO: Run Behavior\BuildLiteBehavior [ RunTime:0.000107s ]
INFO: [ app_init ] --END-- [ RunTime:0.001281s ]

[ 2019-11-01T13:04:47+08:00 ] ::1 /shop/index.php/Admin/Goods/showlist
INFO: [ app_init ] --START--
INFO: Run Behavior\BuildLiteBehavior [ RunTime:0.000033s ]
INFO: [ app_init ] --END-- [ RunTime:0.000607s ]
INFO: [ app_begin ] --START--
INFO: Run Behavior\ReadHtmlCacheBehavior [ RunTime:0.001792s ]
INFO: [ app_begin ] --END-- [ RunTime:0.002004s ]
INFO: [ view_parse ] --START--
INFO: [ template_filter ] --START--
INFO: Run Behavior\ContentReplaceBehavior [ RunTime:0.000182s ]
INFO: [ template_filter ] --END-- [ RunTime:0.000536s ]
INFO: Run Behavior\ParseTemplateBehavior [ RunTime:0.010896s ]
INFO: [ view_parse ] --END-- [ RunTime:0.011117s ]
INFO: [ view_filter ] --START--
INFO: Run Behavior\WriteHtmlCacheBehavior [ RunTime:0.001643s ]
INFO: [ view_filter ] --END-- [ RunTime:0.001857s ]
INFO: [ app_end ] --START--
INFO: Run Behavior\ShowPageTraceBehavior [ RunTime:0.001199s ]
INFO: [ app_end ] --END-- [ RunTime:0.001367s ]

[ 2019-11-01T13:04:48+08:00 ] ::1 /shop/index.php/Admin/Goods/img/20121018-174034-58977.jpg
INFO: [ app_init ] --START--
INFO: Run Behavior\BuildLiteBehavior [ RunTime:0.000053s ]
INFO: [ app_init ] --END-- [ RunTime:0.001060s ]

[ 2019-11-01T13:04:48+08:00 ] ::1 /shop/index.php/Admin/Goods/img/20121018-174346-31424.jpg
INFO: [ app_init ] --START--
INFO: Run Behavior\BuildLiteBehavior [ RunTime:0.000054s ]
INFO: [ app_init ] --END-- [ RunTime:0.000926s ]

[ 2019-11-01T13:04:48+08:00 ] ::1 /shop/index.php/Admin/Goods/img/20121018-174346-54660.jpg
INFO: [ app_init ] --START--
INFO: Run Behavior\BuildLiteBehavior [ RunTime:0.000062s ]
INFO: [ app_init ] --END-- [ RunTime:0.000832s ]

[ 2019-11-01T13:04:48+08:00 ] ::1 /shop/index.php/Admin/Goods/img/20121018-174248-28718.jpg
INFO: [ app_init ] --START--
INFO: Run Behavior\BuildLiteBehavior [ RunTime:0.000047s ]
INFO: [ app_init ] --END-- [ RunTime:0.000992s ]

[ 2019-11-01T13:04:48+08:00 ] ::1 /shop/index.php/Admin/Goods/img/20121018-174034-97960.jpg
INFO: [ app_init ] --START--
INFO: Run Behavior\BuildLiteBehavior [ RunTime:0.000067s ]
INFO: [ app_init ] --END-- [ RunTime:0.004853s ]

[ 2019-11-01T13:04:48+08:00 ] ::1 /shop/index.php/Admin/Goods/img/20121018-174248-87501.jpg
INFO: [ app_init ] --START--
INFO: Run Behavior\BuildLiteBehavior [ RunTime:0.000112s ]
INFO: [ app_init ] --END-- [ RunTime:0.001155s ]

[ 2019-11-01T13:04:48+08:00 ] ::1 /shop/index.php/Admin/Goods/img/20121018-174455-10118.jpg
INFO: [ app_init ] --START--
INFO: Run Behavior\BuildLiteBehavior [ RunTime:0.000039s ]
INFO: [ app_init ] --END-- [ RunTime:0.000864s ]

[ 2019-11-01T13:04:48+08:00 ] ::1 /shop/index.php/Admin/Goods/img/20121018-174455-91962.jpg
INFO: [ app_init ] --START--
INFO: Run Behavior\BuildLiteBehavior [ RunTime:0.000051s ]
INFO: [ app_init ] --END-- [ RunTime:0.001055s ]

[ 2019-11-01T13:12:46+08:00 ] ::1 /shop/index.php/Admin/Goods/showlist
INFO: [ app_init ] --START--
INFO: Run Behavior\BuildLiteBehavior [ RunTime:0.000029s ]
INFO: [ app_init ] --END-- [ RunTime:0.000528s ]
INFO: [ app_begin ] --START--
INFO: Run Behavior\ReadHtmlCacheBehavior [ RunTime:0.001218s ]
INFO: [ app_begin ] --END-- [ RunTime:0.001537s ]
INFO: [ view_parse ] --START--
INFO: [ template_filter ] --START--
INFO: Run Behavior\ContentReplaceBehavior [ RunTime:0.000103s ]
INFO: [ template_filter ] --END-- [ RunTime:0.000255s ]
INFO: Run Behavior\ParseTemplateBehavior [ RunTime:0.008762s ]
INFO: [ view_parse ] --END-- [ RunTime:0.008975s ]
INFO: [ view_filter ] --START--
INFO: Run Behavior\WriteHtmlCacheBehavior [ RunTime:0.000783s ]
INFO: [ view_filter ] --END-- [ RunTime:0.000915s ]
INFO: [ app_end ] --START--
INFO: Run Behavior\ShowPageTraceBehavior [ RunTime:0.000943s ]
INFO: [ app_end ] --END-- [ RunTime:0.001082s ]

[ 2019-11-01T13:12:46+08:00 ] ::1 /shop/index.php/Admin/Goods/img/20121018-174034-58977.jpg
INFO: [ app_init ] --START--
INFO: Run Behavior\BuildLiteBehavior [ RunTime:0.000072s ]
INFO: [ app_init ] --END-- [ RunTime:0.001073s ]

[ 2019-11-01T13:12:46+08:00 ] ::1 /shop/index.php/Admin/Goods/img/20121018-174034-97960.jpg
INFO: [ app_init ] --START--
INFO: Run Behavior\BuildLiteBehavior [ RunTime:0.000052s ]
INFO: [ app_init ] --END-- [ RunTime:0.001001s ]

[ 2019-11-01T13:12:46+08:00 ] ::1 /shop/index.php/Admin/Goods/img/20121018-174346-31424.jpg
INFO: [ app_init ] --START--
INFO: Run Behavior\BuildLiteBehavior [ RunTime:0.000048s ]
INFO: [ app_init ] --END-- [ RunTime:0.001375s ]

[ 2019-11-01T13:12:46+08:00 ] ::1 /shop/index.php/Admin/Goods/img/20121018-174346-54660.jpg
INFO: [ app_init ] --START--
INFO: Run Behavior\BuildLiteBehavior [ RunTime:0.000052s ]
INFO: [ app_init ] --END-- [ RunTime:0.000901s ]

[ 2019-11-01T13:12:46+08:00 ] ::1 /shop/index.php/Admin/Goods/img/20121018-174248-28718.jpg
INFO: [ app_init ] --START--
INFO: Run Behavior\BuildLiteBehavior [ RunTime:0.000057s ]
INFO: [ app_init ] --END-- [ RunTime:0.000943s ]

[ 2019-11-01T13:12:46+08:00 ] ::1 /shop/index.php/Admin/Goods/img/20121018-174248-87501.jpg
INFO: [ app_init ] --START--
INFO: Run Behavior\BuildLiteBehavior [ RunTime:0.000072s ]
INFO: [ app_init ] --END-- [ RunTime:0.001835s ]

[ 2019-11-01T13:12:46+08:00 ] ::1 /shop/index.php/Admin/Goods/img/20121018-174455-91962.jpg
INFO: [ app_init ] --START--
INFO: Run Behavior\BuildLiteBehavior [ RunTime:0.000051s ]
INFO: [ app_init ] --END-- [ RunTime:0.000898s ]

[ 2019-11-01T13:12:46+08:00 ] ::1 /shop/index.php/Admin/Goods/img/20121018-174455-10118.jpg
INFO: [ app_init ] --START--
INFO: Run Behavior\BuildLiteBehavior [ RunTime:0.000052s ]
INFO: [ app_init ] --END-- [ RunTime:0.001035s ]

[ 2019-11-01T13:12:52+08:00 ] ::1 /shop/index.php/Admin/Goods/showlist
INFO: [ app_init ] --START--
INFO: Run Behavior\BuildLiteBehavior [ RunTime:0.000030s ]
INFO: [ app_init ] --END-- [ RunTime:0.000594s ]
INFO: [ app_begin ] --START--
INFO: Run Behavior\ReadHtmlCacheBehavior [ RunTime:0.001091s ]
INFO: [ app_begin ] --END-- [ RunTime:0.001282s ]
INFO: [ view_parse ] --START--
INFO: [ template_filter ] --START--
INFO: Run Behavior\ContentReplaceBehavior [ RunTime:0.000113s ]
INFO: [ template_filter ] --END-- [ RunTime:0.000316s ]
INFO: Run Behavior\ParseTemplateBehavior [ RunTime:0.010744s ]
INFO: [ view_parse ] --END-- [ RunTime:0.010960s ]
INFO: [ view_filter ] --START--
INFO: Run Behavior\WriteHtmlCacheBehavior [ RunTime:0.000735s ]
INFO: [ view_filter ] --END-- [ RunTime:0.000867s ]
INFO: [ app_end ] --START--
INFO: Run Behavior\ShowPageTraceBehavior [ RunTime:0.001023s ]
INFO: [ app_end ] --END-- [ RunTime:0.001159s ]

[ 2019-11-01T13:12:52+08:00 ] ::1 /shop/index.php/Admin/Goods/img/20121018-174346-31424.jpg
INFO: [ app_init ] --START--
INFO: Run Behavior\BuildLiteBehavior [ RunTime:0.000048s ]
INFO: [ app_init ] --END-- [ RunTime:0.000858s ]

[ 2019-11-01T13:12:52+08:00 ] ::1 /shop/index.php/Admin/Goods/img/20121018-174346-54660.jpg
INFO: [ app_init ] --START--
INFO: Run Behavior\BuildLiteBehavior [ RunTime:0.000049s ]
INFO: [ app_init ] --END-- [ RunTime:0.000827s ]

[ 2019-11-01T13:12:52+08:00 ] ::1 /shop/index.php/Admin/Goods/img/20121018-174034-97960.jpg
INFO: [ app_init ] --START--
INFO: Run Behavior\BuildLiteBehavior [ RunTime:0.000049s ]
INFO: [ app_init ] --END-- [ RunTime:0.001742s ]

[ 2019-11-01T13:12:52+08:00 ] ::1 /shop/index.php/Admin/Goods/img/20121018-174248-28718.jpg
INFO: [ app_init ] --START--
INFO: Run Behavior\BuildLiteBehavior [ RunTime:0.000047s ]
INFO: [ app_init ] --END-- [ RunTime:0.000880s ]

[ 2019-11-01T13:12:52+08:00 ] ::1 /shop/index.php/Admin/Goods/img/20121018-174248-87501.jpg
INFO: [ app_init ] --START--
INFO: Run Behavior\BuildLiteBehavior [ RunTime:0.000067s ]
INFO: [ app_init ] --END-- [ RunTime:0.001910s ]

[ 2019-11-01T13:12:52+08:00 ] ::1 /shop/index.php/Admin/Goods/img/20121018-174034-58977.jpg
INFO: [ app_init ] --START--
INFO: Run Behavior\BuildLiteBehavior [ RunTime:0.000057s ]
INFO: [ app_init ] --END-- [ RunTime:0.002855s ]

[ 2019-11-01T13:12:52+08:00 ] ::1 /shop/index.php/Admin/Goods/img/20121018-174455-10118.jpg
INFO: [ app_init ] --START--
INFO: Run Behavior\BuildLiteBehavior [ RunTime:0.000069s ]
INFO: [ app_init ] --END-- [ RunTime:0.001282s ]

[ 2019-11-01T13:12:52+08:00 ] ::1 /shop/index.php/Admin/Goods/img/20121018-174455-91962.jpg
INFO: [ app_init ] --START--
INFO: Run Behavior\BuildLiteBehavior [ RunTime:0.000055s ]
INFO: [ app_init ] --END-- [ RunTime:0.001008s ]

[ 2019-11-01T13:13:26+08:00 ] ::1 /shop/index.php/Admin/Goods/detail
INFO: [ app_init ] --START--
INFO: Run Behavior\BuildLiteBehavior [ RunTime:0.000031s ]
INFO: [ app_init ] --END-- [ RunTime:0.000775s ]
INFO: [ app_begin ] --START--
INFO: Run Behavior\ReadHtmlCacheBehavior [ RunTime:0.001824s ]
INFO: [ app_begin ] --END-- [ RunTime:0.002070s ]
ERR: 非法操作:detail

[ 2019-11-01T13:14:37+08:00 ] ::1 /shop/index.php/Admin/Goods/detail
INFO: [ app_init ] --START--
INFO: Run Behavior\BuildLiteBehavior [ RunTime:0.000049s ]
INFO: [ app_init ] --END-- [ RunTime:0.001044s ]
INFO: [ app_begin ] --START--
INFO: Run Behavior\ReadHtmlCacheBehavior [ RunTime:0.002275s ]
INFO: [ app_begin ] --END-- [ RunTime:0.002830s ]
INFO: [ view_parse ] --START--
INFO: [ template_filter ] --START--
INFO: Run Behavior\ContentReplaceBehavior [ RunTime:0.000126s ]
INFO: [ template_filter ] --END-- [ RunTime:0.000561s ]
INFO: Run Behavior\ParseTemplateBehavior [ RunTime:0.015912s ]
INFO: [ view_parse ] --END-- [ RunTime:0.016257s ]
INFO: [ view_filter ] --START--
INFO: Run Behavior\WriteHtmlCacheBehavior [ RunTime:0.000934s ]
INFO: [ view_filter ] --END-- [ RunTime:0.001233s ]
INFO: [ app_end ] --START--
INFO: Run Behavior\ShowPageTraceBehavior [ RunTime:0.001209s ]
INFO: [ app_end ] --END-- [ RunTime:0.001487s ]

[ 2019-11-01T13:14:51+08:00 ] ::1 /shop/index.php/Admin/Goods/detail
INFO: [ app_init ] --START--
INFO: Run Behavior\BuildLiteBehavior [ RunTime:0.000076s ]
INFO: [ app_init ] --END-- [ RunTime:0.000723s ]
INFO: [ app_begin ] --START--
INFO: Run Behavior\ReadHtmlCacheBehavior [ RunTime:0.001687s ]
INFO: [ app_begin ] --END-- [ RunTime:0.002020s ]
INFO: [ view_parse ] --START--
INFO: [ template_filter ] --START--
INFO: Run Behavior\ContentReplaceBehavior [ RunTime:0.000112s ]
INFO: [ template_filter ] --END-- [ RunTime:0.000353s ]
INFO: Run Behavior\ParseTemplateBehavior [ RunTime:0.023237s ]
INFO: [ view_parse ] --END-- [ RunTime:0.023501s ]
INFO: [ view_filter ] --START--
INFO: Run Behavior\WriteHtmlCacheBehavior [ RunTime:0.001212s ]
INFO: [ view_filter ] --END-- [ RunTime:0.001433s ]
INFO: [ app_end ] --START--
INFO: Run Behavior\ShowPageTraceBehavior [ RunTime:0.001542s ]
INFO: [ app_end ] --END-- [ RunTime:0.001773s ]

[ 2019-11-01T13:14:52+08:00 ] ::1 /shop/index.php/Admin/Goods/detail
INFO: [ app_init ] --START--
INFO: Run Behavior\BuildLiteBehavior [ RunTime:0.000062s ]
INFO: [ app_init ] --END-- [ RunTime:0.000907s ]
INFO: [ app_begin ] --START--
INFO: Run Behavior\ReadHtmlCacheBehavior [ RunTime:0.001779s ]
INFO: [ app_begin ] --END-- [ RunTime:0.002048s ]
INFO: [ view_parse ] --START--
INFO: [ template_filter ] --START--
INFO: Run Behavior\ContentReplaceBehavior [ RunTime:0.000115s ]
INFO: [ template_filter ] --END-- [ RunTime:0.000356s ]
INFO: Run Behavior\ParseTemplateBehavior [ RunTime:0.008966s ]
INFO: [ view_parse ] --END-- [ RunTime:0.009220s ]
INFO: [ view_filter ] --START--
INFO: Run Behavior\WriteHtmlCacheBehavior [ RunTime:0.001154s ]
INFO: [ view_filter ] --END-- [ RunTime:0.001396s ]
INFO: [ app_end ] --START--
INFO: Run Behavior\ShowPageTraceBehavior [ RunTime:0.001245s ]
INFO: [ app_end ] --END-- [ RunTime:0.001415s ]

[ 2019-11-01T13:14:53+08:00 ] ::1 /shop/index.php/Admin/Goods/detail
INFO: [ app_init ] --START--
INFO: Run Behavior\BuildLiteBehavior [ RunTime:0.000051s ]
INFO: [ app_init ] --END-- [ RunTime:0.000945s ]
INFO: [ app_begin ] --START--
INFO: Run Behavior\ReadHtmlCacheBehavior [ RunTime:0.001578s ]
INFO: [ app_begin ] --END-- [ RunTime:0.001827s ]
INFO: [ view_parse ] --START--
INFO: [ template_filter ] --START--
INFO: Run Behavior\ContentReplaceBehavior [ RunTime:0.000116s ]
INFO: [ template_filter ] --END-- [ RunTime:0.000378s ]
INFO: Run Behavior\ParseTemplateBehavior [ RunTime:0.012139s ]
INFO: [ view_parse ] --END-- [ RunTime:0.012472s ]
INFO: [ view_filter ] --START--
INFO: Run Behavior\WriteHtmlCacheBehavior [ RunTime:0.001103s ]
INFO: [ view_filter ] --END-- [ RunTime:0.001342s ]
INFO: [ app_end ] --START--
INFO: Run Behavior\ShowPageTraceBehavior [ RunTime:0.001174s ]
INFO: [ app_end ] --END-- [ RunTime:0.001320s ]

[ 2019-11-01T13:14:54+08:00 ] ::1 /shop/index.php/Admin/Goods/detail
INFO: [ app_init ] --START--
INFO: Run Behavior\BuildLiteBehavior [ RunTime:0.000041s ]
INFO: [ app_init ] --END-- [ RunTime:0.000897s ]
INFO: [ app_begin ] --START--
INFO: Run Behavior\ReadHtmlCacheBehavior [ RunTime:0.001768s ]
INFO: [ app_begin ] --END-- [ RunTime:0.002073s ]
INFO: [ view_parse ] --START--
INFO: [ template_filter ] --START--
INFO: Run Behavior\ContentReplaceBehavior [ RunTime:0.000072s ]
INFO: [ template_filter ] --END-- [ RunTime:0.000221s ]
INFO: Run Behavior\ParseTemplateBehavior [ RunTime:0.008274s ]
INFO: [ view_parse ] --END-- [ RunTime:0.008486s ]
INFO: [ view_filter ] --START--
INFO: Run Behavior\WriteHtmlCacheBehavior [ RunTime:0.001374s ]
INFO: [ view_filter ] --END-- [ RunTime:0.001709s ]
INFO: [ app_end ] --START--
INFO: Run Behavior\ShowPageTraceBehavior [ RunTime:0.002291s ]
INFO: [ app_end ] --END-- [ RunTime:0.002511s ]

[ 2019-11-01T13:14:54+08:00 ] ::1 /shop/index.php/Admin/Goods/detail
INFO: [ app_init ] --START--
INFO: Run Behavior\BuildLiteBehavior [ RunTime:0.000048s ]
INFO: [ app_init ] --END-- [ RunTime:0.000893s ]
INFO: [ app_begin ] --START--
INFO: Run Behavior\ReadHtmlCacheBehavior [ RunTime:0.001252s ]
INFO: [ app_begin ] --END-- [ RunTime:0.001416s ]
INFO: [ view_parse ] --START--
INFO: [ template_filter ] --START--
INFO: Run Behavior\ContentReplaceBehavior [ RunTime:0.000070s ]
INFO: [ template_filter ] --END-- [ RunTime:0.000218s ]
INFO: Run Behavior\ParseTemplateBehavior [ RunTime:0.007695s ]
INFO: [ view_parse ] --END-- [ RunTime:0.007949s ]
INFO: [ view_filter ] --START--
INFO: Run Behavior\WriteHtmlCacheBehavior [ RunTime:0.001130s ]
INFO: [ view_filter ] --END-- [ RunTime:0.001370s ]
INFO: [ app_end ] --START--
INFO: Run Behavior\ShowPageTraceBehavior [ RunTime:0.001483s ]
INFO: [ app_end ] --END-- [ RunTime:0.001689s ]

[ 2019-11-01T13:14:55+08:00 ] ::1 /shop/index.php/Admin/Goods/detail
INFO: [ app_init ] --START--
INFO: Run Behavior\BuildLiteBehavior [ RunTime:0.000067s ]
INFO: [ app_init ] --END-- [ RunTime:0.000980s ]
INFO: [ app_begin ] --START--
INFO: Run Behavior\ReadHtmlCacheBehavior [ RunTime:0.001508s ]
INFO: [ app_begin ] --END-- [ RunTime:0.001789s ]
INFO: [ view_parse ] --START--
INFO: [ template_filter ] --START--
INFO: Run Behavior\ContentReplaceBehavior [ RunTime:0.000112s ]
INFO: [ template_filter ] --END-- [ RunTime:0.000349s ]
INFO: Run Behavior\ParseTemplateBehavior [ RunTime:0.008929s ]
INFO: [ view_parse ] --END-- [ RunTime:0.009167s ]
INFO: [ view_filter ] --START--
INFO: Run Behavior\WriteHtmlCacheBehavior [ RunTime:0.001528s ]
INFO: [ view_filter ] --END-- [ RunTime:0.001821s ]
INFO: [ app_end ] --START--
INFO: Run Behavior\ShowPageTraceBehavior [ RunTime:0.001831s ]
INFO: [ app_end ] --END-- [ RunTime:0.002079s ]

[ 2019-11-01T13:14:56+08:00 ] ::1 /shop/index.php/Admin/Goods/detail
INFO: [ app_init ] --START--
INFO: Run Behavior\BuildLiteBehavior [ RunTime:0.000046s ]
INFO: [ app_init ] --END-- [ RunTime:0.000952s ]
INFO: [ app_begin ] --START--
INFO: Run Behavior\ReadHtmlCacheBehavior [ RunTime:0.001000s ]
INFO: [ app_begin ] --END-- [ RunTime:0.001151s ]
INFO: [ view_parse ] --START--
INFO: [ template_filter ] --START--
INFO: Run Behavior\ContentReplaceBehavior [ RunTime:0.000111s ]
INFO: [ template_filter ] --END-- [ RunTime:0.000349s ]
INFO: Run Behavior\ParseTemplateBehavior [ RunTime:0.009865s ]
INFO: [ view_parse ] --END-- [ RunTime:0.010134s ]
INFO: [ view_filter ] --START--
INFO: Run Behavior\WriteHtmlCacheBehavior [ RunTime:0.001319s ]
INFO: [ view_filter ] --END-- [ RunTime:0.001559s ]
INFO: [ app_end ] --START--
INFO: Run Behavior\ShowPageTraceBehavior [ RunTime:0.001185s ]
INFO: [ app_end ] --END-- [ RunTime:0.001388s ]

[ 2019-11-01T13:19:02+08:00 ] ::1 /shop/index.php/Admin/Goods/detail
INFO: [ app_init ] --START--
INFO: Run Behavior\BuildLiteBehavior [ RunTime:0.000031s ]
INFO: [ app_init ] --END-- [ RunTime:0.000596s ]
INFO: [ app_begin ] --START--
INFO: Run Behavior\ReadHtmlCacheBehavior [ RunTime:0.000825s ]
INFO: [ app_begin ] --END-- [ RunTime:0.000966s ]
INFO: [ view_parse ] --START--
INFO: [ template_filter ] --START--
INFO: Run Behavior\ContentReplaceBehavior [ RunTime:0.000101s ]
INFO: [ template_filter ] --END-- [ RunTime:0.000271s ]
INFO: Run Behavior\ParseTemplateBehavior [ RunTime:0.011900s ]
INFO: [ view_parse ] --END-- [ RunTime:0.012259s ]
INFO: [ view_filter ] --START--
INFO: Run Behavior\WriteHtmlCacheBehavior [ RunTime:0.001023s ]
INFO: [ view_filter ] --END-- [ RunTime:0.001368s ]
INFO: [ app_end ] --START--
INFO: Run Behavior\ShowPageTraceBehavior [ RunTime:0.001336s ]
INFO: [ app_end ] --END-- [ RunTime:0.001665s ]

[ 2019-11-01T13:19:03+08:00 ] ::1 /shop/index.php/Admin/Goods/detail
INFO: [ app_init ] --START--
INFO: Run Behavior\BuildLiteBehavior [ RunTime:0.000029s ]
INFO: [ app_init ] --END-- [ RunTime:0.000539s ]
INFO: [ app_begin ] --START--
INFO: Run Behavior\ReadHtmlCacheBehavior [ RunTime:0.000829s ]
INFO: [ app_begin ] --END-- [ RunTime:0.000973s ]
INFO: [ view_parse ] --START--
INFO: [ template_filter ] --START--
INFO: Run Behavior\ContentReplaceBehavior [ RunTime:0.000074s ]
INFO: [ template_filter ] --END-- [ RunTime:0.000266s ]
INFO: Run Behavior\ParseTemplateBehavior [ RunTime:0.009747s ]
INFO: [ view_parse ] --END-- [ RunTime:0.009981s ]
INFO: [ view_filter ] --START--
INFO: Run Behavior\WriteHtmlCacheBehavior [ RunTime:0.000619s ]
INFO: [ view_filter ] --END-- [ RunTime:0.000792s ]
INFO: [ app_end ] --START--
INFO: Run Behavior\ShowPageTraceBehavior [ RunTime:0.000795s ]
INFO: [ app_end ] --END-- [ RunTime:0.000971s ]

[ 2019-11-01T13:19:04+08:00 ] ::1 /shop/index.php/Admin/Goods/detail
INFO: [ app_init ] --START--
INFO: Run Behavior\BuildLiteBehavior [ RunTime:0.000030s ]
INFO: [ app_init ] --END-- [ RunTime:0.000542s ]
INFO: [ app_begin ] --START--
INFO: Run Behavior\ReadHtmlCacheBehavior [ RunTime:0.001121s ]
INFO: [ app_begin ] --END-- [ RunTime:0.001309s ]
INFO: [ view_parse ] --START--
INFO: [ template_filter ] --START--
INFO: Run Behavior\ContentReplaceBehavior [ RunTime:0.000073s ]
INFO: [ template_filter ] --END-- [ RunTime:0.000226s ]
INFO: Run Behavior\ParseTemplateBehavior [ RunTime:0.007962s ]
INFO: [ view_parse ] --END-- [ RunTime:0.008221s ]
INFO: [ view_filter ] --START--
INFO: Run Behavior\WriteHtmlCacheBehavior [ RunTime:0.000612s ]
INFO: [ view_filter ] --END-- [ RunTime:0.000792s ]
INFO: [ app_end ] --START--
INFO: Run Behavior\ShowPageTraceBehavior [ RunTime:0.000843s ]
INFO: [ app_end ] --END-- [ RunTime:0.001050s ]

[ 2019-11-01T13:19:04+08:00 ] ::1 /shop/index.php/Admin/Goods/detail
INFO: [ app_init ] --START--
INFO: Run Behavior\BuildLiteBehavior [ RunTime:0.000029s ]
INFO: [ app_init ] --END-- [ RunTime:0.000533s ]
INFO: [ app_begin ] --START--
INFO: Run Behavior\ReadHtmlCacheBehavior [ RunTime:0.001107s ]
INFO: [ app_begin ] --END-- [ RunTime:0.001299s ]
INFO: [ view_parse ] --START--
INFO: [ template_filter ] --START--
INFO: Run Behavior\ContentReplaceBehavior [ RunTime:0.000074s ]
INFO: [ template_filter ] --END-- [ RunTime:0.000229s ]
INFO: Run Behavior\ParseTemplateBehavior [ RunTime:0.008692s ]
INFO: [ view_parse ] --END-- [ RunTime:0.008953s ]
INFO: [ view_filter ] --START--
INFO: Run Behavior\WriteHtmlCacheBehavior [ RunTime:0.000643s ]
INFO: [ view_filter ] --END-- [ RunTime:0.000819s ]
INFO: [ app_end ] --START--
INFO: Run Behavior\ShowPageTraceBehavior [ RunTime:0.000989s ]
INFO: [ app_end ] --END-- [ RunTime:0.001182s ]

[ 2019-11-01T13:19:05+08:00 ] ::1 /shop/index.php/Admin/Goods/detail
INFO: [ app_init ] --START--
INFO: Run Behavior\BuildLiteBehavior [ RunTime:0.000031s ]
INFO: [ app_init ] --END-- [ RunTime:0.000769s ]
INFO: [ app_begin ] --START--
INFO: Run Behavior\ReadHtmlCacheBehavior [ RunTime:0.001426s ]
INFO: [ app_begin ] --END-- [ RunTime:0.001685s ]
INFO: [ view_parse ] --START--
INFO: [ template_filter ] --START--
INFO: Run Behavior\ContentReplaceBehavior [ RunTime:0.000144s ]
INFO: [ template_filter ] --END-- [ RunTime:0.000435s ]
INFO: Run Behavior\ParseTemplateBehavior [ RunTime:0.008565s ]
INFO: [ view_parse ] --END-- [ RunTime:0.008840s ]
INFO: [ view_filter ] --START--
INFO: Run Behavior\WriteHtmlCacheBehavior [ RunTime:0.000896s ]
INFO: [ view_filter ] --END-- [ RunTime:0.001127s ]
INFO: [ app_end ] --START--
INFO: Run Behavior\ShowPageTraceBehavior [ RunTime:0.001769s ]
INFO: [ app_end ] --END-- [ RunTime:0.002073s ]

[ 2019-11-01T13:21:09+08:00 ] ::1 /shop/index.php/Admin/Goods/detail
INFO: [ app_init ] --START--
INFO: Run Behavior\BuildLiteBehavior [ RunTime:0.000052s ]
INFO: [ app_init ] --END-- [ RunTime:0.000913s ]
INFO: [ app_begin ] --START--
INFO: Run Behavior\ReadHtmlCacheBehavior [ RunTime:0.000861s ]
INFO: [ app_begin ] --END-- [ RunTime:0.001034s ]
INFO: [ view_parse ] --START--
INFO: [ template_filter ] --START--
INFO: Run Behavior\ContentReplaceBehavior [ RunTime:0.000154s ]
INFO: [ template_filter ] --END-- [ RunTime:0.000539s ]
INFO: Run Behavior\ParseTemplateBehavior [ RunTime:0.009725s ]
INFO: [ view_parse ] --END-- [ RunTime:0.009937s ]
INFO: [ view_filter ] --START--
INFO: Run Behavior\WriteHtmlCacheBehavior [ RunTime:0.001007s ]
INFO: [ view_filter ] --END-- [ RunTime:0.001233s ]
INFO: [ app_end ] --START--
INFO: Run Behavior\ShowPageTraceBehavior [ RunTime:0.001097s ]
INFO: [ app_end ] --END-- [ RunTime:0.001288s ]

[ 2019-11-01T13:21:22+08:00 ] ::1 /shop/index.php/Admin/Goods/showlist
INFO: [ app_init ] --START--
INFO: Run Behavior\BuildLiteBehavior [ RunTime:0.000051s ]
INFO: [ app_init ] --END-- [ RunTime:0.000635s ]
INFO: [ app_begin ] --START--
INFO: Run Behavior\ReadHtmlCacheBehavior [ RunTime:0.001094s ]
INFO: [ app_begin ] --END-- [ RunTime:0.001253s ]
ERR: 1146:Table 'shop.shop_user' doesn't exist
 [ SQL语句 ] : SHOW COLUMNS FROM `shop_user`
ERR: 1146:Table 'shop.shop_user' doesn't exist
 [ SQL语句 ] : SHOW COLUMNS FROM `shop_user`

[ 2019-11-01T13:21:42+08:00 ] ::1 /shop/index.php/Admin/Goods/showlist
INFO: [ app_init ] --START--
INFO: Run Behavior\BuildLiteBehavior [ RunTime:0.000030s ]
INFO: [ app_init ] --END-- [ RunTime:0.000569s ]
INFO: [ app_begin ] --START--
INFO: Run Behavior\ReadHtmlCacheBehavior [ RunTime:0.000813s ]
INFO: [ app_begin ] --END-- [ RunTime:0.000957s ]
SQL: SHOW COLUMNS FROM `shop_goods` [ RunTime:0.0011s ]
INFO: [ view_parse ] --START--
INFO: [ template_filter ] --START--
INFO: Run Behavior\ContentReplaceBehavior [ RunTime:0.000177s ]
INFO: [ template_filter ] --END-- [ RunTime:0.000530s ]
INFO: Run Behavior\ParseTemplateBehavior [ RunTime:0.018820s ]
INFO: [ view_parse ] --END-- [ RunTime:0.019252s ]
INFO: [ view_filter ] --START--
INFO: Run Behavior\WriteHtmlCacheBehavior [ RunTime:0.001167s ]
INFO: [ view_filter ] --END-- [ RunTime:0.001488s ]
NOTIC: [2] Cannot modify header information - headers already sent by (output started at D:\wamp\www\shop\Admin\Controller\GoodsController.class.php:34) D:\wamp\www\ThinkPHP\Library\Think\View.class.php 第 91 行.
NOTIC: [2] Cannot modify header information - headers already sent by (output started at D:\wamp\www\shop\Admin\Controller\GoodsController.class.php:34) D:\wamp\www\ThinkPHP\Library\Think\View.class.php 第 92 行.
NOTIC: [2] Cannot modify header information - headers already sent by (output started at D:\wamp\www\shop\Admin\Controller\GoodsController.class.php:34) D:\wamp\www\ThinkPHP\Library\Think\View.class.php 第 93 行.
INFO: [ app_end ] --START--
INFO: Run Behavior\ShowPageTraceBehavior [ RunTime:0.002212s ]
INFO: [ app_end ] --END-- [ RunTime:0.002562s ]

[ 2019-11-01T13:21:43+08:00 ] ::1 /shop/index.php/Admin/Goods/img/20121018-174248-28718.jpg
INFO: [ app_init ] --START--
INFO: Run Behavior\BuildLiteBehavior [ RunTime:0.000060s ]
INFO: [ app_init ] --END-- [ RunTime:0.001047s ]

[ 2019-11-01T13:21:43+08:00 ] ::1 /shop/index.php/Admin/Goods/img/20121018-174034-97960.jpg
INFO: [ app_init ] --START--
INFO: Run Behavior\BuildLiteBehavior [ RunTime:0.000065s ]
INFO: [ app_init ] --END-- [ RunTime:0.001064s ]

[ 2019-11-01T13:21:43+08:00 ] ::1 /shop/index.php/Admin/Goods/img/20121018-174248-87501.jpg
INFO: [ app_init ] --START--
INFO: Run Behavior\BuildLiteBehavior [ RunTime:0.000056s ]
INFO: [ app_init ] --END-- [ RunTime:0.000989s ]

[ 2019-11-01T13:21:43+08:00 ] ::1 /shop/index.php/Admin/Goods/img/20121018-174034-58977.jpg
INFO: [ app_init ] --START--
INFO: Run Behavior\BuildLiteBehavior [ RunTime:0.000058s ]
INFO: [ app_init ] --END-- [ RunTime:0.001018s ]

[ 2019-11-01T13:21:43+08:00 ] ::1 /shop/index.php/Admin/Goods/img/20121018-174346-31424.jpg
INFO: [ app_init ] --START--
INFO: Run Behavior\BuildLiteBehavior [ RunTime:0.000053s ]
INFO: [ app_init ] --END-- [ RunTime:0.001369s ]

[ 2019-11-01T13:21:43+08:00 ] ::1 /shop/index.php/Admin/Goods/img/20121018-174455-10118.jpg
INFO: [ app_init ] --START--
INFO: Run Behavior\BuildLiteBehavior [ RunTime:0.000086s ]
INFO: [ app_init ] --END-- [ RunTime:0.001251s ]

[ 2019-11-01T13:21:43+08:00 ] ::1 /shop/index.php/Admin/Goods/img/20121018-174455-91962.jpg
INFO: [ app_init ] --START--
INFO: Run Behavior\BuildLiteBehavior [ RunTime:0.000046s ]
INFO: [ app_init ] --END-- [ RunTime:0.000895s ]

[ 2019-11-01T13:21:43+08:00 ] ::1 /shop/index.php/Admin/Goods/img/20121018-174346-54660.jpg
INFO: [ app_init ] --START--
INFO: Run Behavior\BuildLiteBehavior [ RunTime:0.000063s ]
INFO: [ app_init ] --END-- [ RunTime:0.001281s ]

[ 2019-11-01T13:23:53+08:00 ] ::1 /shop/index.php/Admin/Goods/showlist
INFO: [ app_init ] --START--
INFO: Run Behavior\BuildLiteBehavior [ RunTime:0.000058s ]
INFO: [ app_init ] --END-- [ RunTime:0.000721s ]
INFO: [ app_begin ] --START--
INFO: Run Behavior\ReadHtmlCacheBehavior [ RunTime:0.001954s ]
INFO: [ app_begin ] --END-- [ RunTime:0.002245s ]
SQL: SHOW COLUMNS FROM `shop_goods` [ RunTime:0.0019s ]
SQL: SHOW COLUMNS FROM `shop_user` [ RunTime:0.0017s ]
INFO: [ view_parse ] --START--
INFO: [ template_filter ] --START--
INFO: Run Behavior\ContentReplaceBehavior [ RunTime:0.000253s ]
INFO: [ template_filter ] --END-- [ RunTime:0.000538s ]
INFO: Run Behavior\ParseTemplateBehavior [ RunTime:0.036582s ]
INFO: [ view_parse ] --END-- [ RunTime:0.036872s ]
INFO: [ view_filter ] --START--
INFO: Run Behavior\WriteHtmlCacheBehavior [ RunTime:0.000884s ]
INFO: [ view_filter ] --END-- [ RunTime:0.001128s ]
NOTIC: [2] Cannot modify header information - headers already sent by (output started at D:\wamp\www\shop\Admin\Controller\GoodsController.class.php:31) D:\wamp\www\ThinkPHP\Library\Think\View.class.php 第 91 行.
NOTIC: [2] Cannot modify header information - headers already sent by (output started at D:\wamp\www\shop\Admin\Controller\GoodsController.class.php:31) D:\wamp\www\ThinkPHP\Library\Think\View.class.php 第 92 行.
NOTIC: [2] Cannot modify header information - headers already sent by (output started at D:\wamp\www\shop\Admin\Controller\GoodsController.class.php:31) D:\wamp\www\ThinkPHP\Library\Think\View.class.php 第 93 行.
INFO: [ app_end ] --START--
INFO: Run Behavior\ShowPageTraceBehavior [ RunTime:0.001847s ]
INFO: [ app_end ] --END-- [ RunTime:0.002216s ]

[ 2019-11-01T13:23:53+08:00 ] ::1 /shop/index.php/Admin/Goods/img/20121018-174248-28718.jpg
INFO: [ app_init ] --START--
INFO: Run Behavior\BuildLiteBehavior [ RunTime:0.000056s ]
INFO: [ app_init ] --END-- [ RunTime:0.001036s ]

[ 2019-11-01T13:23:53+08:00 ] ::1 /shop/index.php/Admin/Goods/img/20121018-174248-87501.jpg
INFO: [ app_init ] --START--
INFO: Run Behavior\BuildLiteBehavior [ RunTime:0.000068s ]
INFO: [ app_init ] --END-- [ RunTime:0.001768s ]

[ 2019-11-01T13:23:53+08:00 ] ::1 /shop/index.php/Admin/Goods/img/20121018-174455-10118.jpg
INFO: [ app_init ] --START--
INFO: Run Behavior\BuildLiteBehavior [ RunTime:0.000051s ]
INFO: [ app_init ] --END-- [ RunTime:0.000794s ]

[ 2019-11-01T13:23:53+08:00 ] ::1 /shop/index.php/Admin/Goods/img/20121018-174455-91962.jpg
INFO: [ app_init ] --START--
INFO: Run Behavior\BuildLiteBehavior [ RunTime:0.000052s ]
INFO: [ app_init ] --END-- [ RunTime:0.001678s ]

[ 2019-11-01T13:23:53+08:00 ] ::1 /shop/index.php/Admin/Goods/img/20121018-174346-31424.jpg
INFO: [ app_init ] --START--
INFO: Run Behavior\BuildLiteBehavior [ RunTime:0.000051s ]
INFO: [ app_init ] --END-- [ RunTime:0.000892s ]

[ 2019-11-01T13:23:53+08:00 ] ::1 /shop/index.php/Admin/Goods/img/20121018-174034-97960.jpg
INFO: [ app_init ] --START--
INFO: Run Behavior\BuildLiteBehavior [ RunTime:0.000052s ]
INFO: [ app_init ] --END-- [ RunTime:0.004728s ]

[ 2019-11-01T13:23:53+08:00 ] ::1 /shop/index.php/Admin/Goods/img/20121018-174034-58977.jpg
INFO: [ app_init ] --START--
INFO: Run Behavior\BuildLiteBehavior [ RunTime:0.000059s ]
INFO: [ app_init ] --END-- [ RunTime:0.001610s ]

[ 2019-11-01T13:23:53+08:00 ] ::1 /shop/index.php/Admin/Goods/img/20121018-174346-54660.jpg
INFO: [ app_init ] --START--
INFO: Run Behavior\BuildLiteBehavior [ RunTime:0.000055s ]
INFO: [ app_init ] --END-- [ RunTime:0.001078s ]

